<?xml version="1.0" encoding="UTF-8"?>
<!-- Generated by org.testng.reporters.JUnitXMLReporter -->
<testsuite ignored="0" hostname="DESKTOP-94JHGML" failures="1" tests="4" name="All Tests" time="162.028" errors="0" timestamp="2025-05-15T14:01:23 IST">
  <testcase classname="Testcases.RegistrationTest" name="registerUser" time="34.476"/>
  <testcase classname="Testcases.LoginTest" name="loginUser" time="22.015"/>
  <testcase classname="Testcases.AgentTest" name="addAgentTest" time="0.006">
    <failure type="java.lang.AssertionError" message="Agent tab is not present. Please ensure your account has access to Team/Agent features.">
      <![CDATA[java.lang.AssertionError: Agent tab is not present. Please ensure your account has access to Team/Agent features.
at Testcases.AgentTest.addAgentTest(AgentTest.java:35)
at java.base/java.util.ArrayList.forEach(ArrayList.java:1596)
... Removed 26 stack frames]]>
    </failure>
  </testcase> <!-- addAgentTest -->
  <testcase classname="Testcases.CSVUploadTest1" name="uploadCSVTest1" time="19.315"/>
</testsuite> <!-- All Tests -->
